húngaro
húngaros
húngara
húngaras
hondureño
hondureños
hondureña
hondureñas
guayanés
guayanés
guayaneses
guayanesa
guayanesas
griego
griegos
griega
griegas
estadounidense
estadounidenses
zimbabuense
zimbabués
zimbabuo
zimbabua
zambiano 	
zambianos
zambiana
zambianas
yugoslavo
yugoslavos
yugoslava
yugoslavas
yemení 	
yemeníes
yemení 	
yemeníes
samoano
samoanos
samoana
samoanas 
samoano occidental
samoanos occidentales
samoana occidental
samoanas occidentales
alemán
alemanes
alemana
alemanas
alemán occidental
alemanes occidentales
alemana occidental
alemanas occidentales
alemán oriental
alemanes orientales
alemana oriental
alemanas orientales
galés
galéses
galesa
galesas
vietnamita
vietnamitas
venezolano
venezolanos
venezolana
venezolanas
vanuatuense
vanuatuenses
uzbeko
uzbekos
uzbeka
uzbekas
uruguayo
uruguayos
uruguaya
uruguayas
ucraniano 	
ucranianos
ucraniana 	
ucranianas
ugandés 	
ugandeses
ugandesa 	
ugandesas
tuvaluano
tuvaluanos
tuvaluana
tuvaluanas
turcomano 	
turcomanos
turcomana 	
turcomanas
turkmenio
turkmenios
turkmenia
turkmenias
turco
turcos
turca
turcas
tunecino
tunecinos
tunecina
tunecinas
trinitario
trinitarios
trinitaria
trinitarias
tongano
tonganos
tongana
tonganas
tokelaués 	
tokelaueses
tokelauesa 	
tokelauesas
tokelauano
tokelauanos
tokelauana 	
tokelauanas
togolés
togoleses
togolesa
togolesas
tailandés
tailandeses
tailandesa
tailandésas
tanzano
tanzanos
tanzana
tanzanas
tayik
tayiko 	
tayikos
tayika 	
tayikas
taiwanés
taiwaneses
taiwanesa 	
taiwanesas
sirio
sirios
siria
sirias
suizo
suizos
suiza
suizas
sueco
suecos
sueca
suecas
suazi 	
suazis
suazi 	
suazis
surinamés
surinameses
surinamesa
surinamesas
sudanés
sudaneses
sudanesa
sudanesas
cingalés 	
cingaleses
cingalesa 	
cingalesas
español
españoles
española
españolas
surcoreano
surcoreanos
surcoreana
surcoreanas
sudafricano 	
sudafricanos
sudafricana 	
sudafricanas
somalí
somalíes
eslovaco
eslovacos
eslovaca
eslovacas
esloveno
eslovenos
eslovena
eslovenas
singapurense
singapurenses
singapurense
singapurenses
sierraleonés 	
sierraleoneses
sierraleonesa 	
sierraleonesas
senegal
senegales
senegalesa
senegalesas
escocés
escoceses
escocesa
escocesas
saudí 	
saudíes
seychelense 	
seychelenses
vaticano
santalucense 	
santalucenses
sanvicentino
sanvicentinos
sanvicentina
sanvicentinas
sancristobalense
sanmarinense 	
sanmarinenses
salvadoreño
salvadoreños
salvadoreña
salvadoreñas
ruandés 	
ruandeses
ruandesa 	
ruandesas
ruso
rusos
rusa
rusas
rumano
rumanos
rumana
rumanas
reunionés 	
reunioneses
reunionesa 	
reunionesas
qatarí 	
qataríes
portorriqueño 	
portorriqueños
portorriqueña 	
portorriqueñas
puertorriqueño 	
puertorriqueños
puertorriqueña
puertorriqueñas
portugués
portugueses
portuguesa
portuguesas
polaco
polacos
polaca
polacas
filipino
filipinos
filipina
filipinas
peruano
peruanos
peruana
peruanas
papúa
papúas
panameño
panameños
panameña
panameñas
paquistaní
paquistaníes
pakistaní
pakistaníes
omaní
omaníes
noruego
noruegos
noruega
noruegas
norirlandés
norirlandeses
norirlandesesa
norirlandesesas
coreano
coreanos
coreana
coreanas
coreano del norte
coreanos del norte
coreana del norte	
coreanas del norte
niueño
niueños
niueña	
niueñas
nigeriano 	
nigerianos
nigeriana 	
nigerianas
nicaragüense 	
nicaragüenses
neozelandés
neozelandeses
neozelandesa
neozelandesas
neocaledonio
neocaledonios
neocaledonia
neocaledonias
nepalés
nepaleses
nepalesa
nepalesas
nepalí
nepalies
nauruano
nauruanos
nauruana
nauruanas
namibio
namibios
namibia
namibias
mozambiqueño
mozambiqueños
mozambiqueña
mozambiqueñas
marroquí
marroquíes
montserratino
montserratinos
montserratina
montserratinas
mongol
mongoles
mongola
mongolas
monegasco
monegascos
monegasca
monegascas
micronesio
micronesios
micronesia
micronesias
mejicano
mejicanos
mejicana
mejicanas
mexicano
mexicanos
mexicana
mexicanas
mauriciano
mauricianos
mauriciana
mauricianas
mauritano
mauritanos
mauritana
mauritanas
martiniqués
martiniqueses
martiniquesa
martiniquesas
maltés
malteses
maltesa
maltesas
maldivo
maldivos
maldiva
maldivas
malasio
malasios
malasia
malasias
malayo
malayos
malaya
malayas
malauiano
malauianos
malauiana
malauianas
malawiano
malawianos
malawiana
malawianas
malgache
malgacheses
macaense
macaenses
luxemburgués
luxemburgueses
luxemburguesa
luxemburguesas
lituano
lituanos
lituana
lituanas
libio
libios
libia
libias
liberiano
liberianos
liberiana
liberianas
libanés
libaneses
libanesa
libanesas
letón
letones
letona
letonas
laosiano
laosianos
laosiana
laosianas
kuwaití
kuwaitíes
coreano
coreanos
coreana
coreanas
keniata
keniatas
keniano
kenianos
keniana
kenianas
kazajo
kazajos
kazaja
kazajas
jordano
jordanos
jordana
jordanas
japonés
japoneses
japonesa
japonesas
jamaicano
jamaicanos
jamaicana
jamaicanas
costamarfileño
costamarfileños
costamarfileña
costamarfileñas
marfileño
marfileños
marfileña
marfileñas
italiano
italianos
italiana
italianas
israelí
israelíes
irlandés
irlandeses
irlandesa
irlandesas
iraquí
iraquées
iraní
iraníes
indonesio
indonesios
indonesia
indonesias
indio
indios
india
indias
islandés
islandeses
islandesa
islandesas
haitiano
haitianos
haitiana
haitianas
guyanés
guyaneses
guyanesa
guyanesas
guineano
guineanos
guineana
guineanas
bissauguineano
bissauguineanos
bissauguineana
bissauguineanas
guatemalteco
guatemaltecos
guatemalteca
guatemaltecas
granadino
granadinos
granadina
granadinas
groenlandés
groenlandeses
groenlandesa
groenlandesas
ganés
ganeses
ganesa
ganesas
gabonés
gaboneses
gabonesa
gabonesas
georgiano
georgianos
georgiana
georgianas
gambiano
gambianos
gambiana
gambianas
gambiense
gambienses
polinesio
polinesios
polinesia
polinesias
francés
franceses
francesa
francesas
finlandés
finlandeses
finlandesa
finlandesas
finés
fineses
finesa
finesas
fiyiano
fiyianos
fiyiana
fiyianas
feroés
feroeses
feroesa
feroesas
etíope
etíopes
estonio
estonios
estonia
estonias
ecuatoguineano
ecuatoguineanos
ecuatoguineana
ecuatoguineanas
egipcio
egipcios
egipcia
egipcias
ecuatoriano
ecuatorianos
ecuatoriana
ecuatoriana
holandés
holandeses
holandesa
holandesas
neerlandés
neerlandeses
dominicano
dominicanos
dominicana
dominicanas
yibutiano
yibutianos
yibutiana
yibutianas
danés
daneses
danesa
danesas
checo
checos
checa
checas
chipriota
chipriotas
cubano
cubanos
cubana
cubanas
costarricense
costarricenses
congolés
congoleses
congoleño
congoleños
congoleña
congoleñas
comorano
comoranos
comorana
comoranas
comorense
comorenses
colombiano
colombianos
colombiana
colombianas
chileno
chilenos
chilena
chilenas
chadiano
chadianos
chadiana
chadianas
africano central
africanos centrales
caimánes
caimaneses
caimanesa
caimanesas
caboverdiano
caboverdianos
caboverdiana
caboverdianas
canadiense
canadienses
camerunés
cameruneses
camerunesa
camerunesas
camerunense
camerunenses
camboyano
camboyanos
camboyana
camboyanas
burundés
burundeses
burundesa
burundesas
burundiano
burundianos
burundiana
burundianas
bruneano
bruneanos
bruneana
bruneanas
birmano
birmanos
birmana
birmanas
burkinés
burkineses
burkinesa
burkinesas
burkinabé
búlgaro
búlgaros
búlgara
búlgaras
británico
británicos
británica
británicas
brasileño
brasileños
brasileña
brasileñas
butanés
butaneses
butanesa
butanesas
bermudeño
bermudeños
bermudeña
bermudeñas
beninés
benineses
beninés
beninesa
beninesas
beliceño
beliceños
beliceña
beliceñas
belga
belgas
barbadense
barbadenses
bangladeshí
bangladeshíes
bahreiní
bahreiníes
bahameño
bahameños
bahameña
bahameñas
bahamés
bahameses
bahamesa
bahamesas
azerbaiyano
azerbaiyanos
azerbaiyana
azerbaiyanas
austriaco
austriacos
austriaca
austriacas
arubeño
arubeños
arubeña
arubeñas
antiguano
antiguanos
antiguana
antiguanas
angoleño
angoleños
angoleña
angoleñas
andorrano
andorranos
andorrana
andorranas
samoano
samoanos
samoana
samoanas
americano
americanos
americana
americanas
argelino
argelinos
argelina
argelinas
albanés
albaneses
albanesa
albanesas
albano
albanos
albana
albanas
afgano
afganos
afgana
afganas
africano
africanos
africana
africanas
inglés
ingleses
inglesa
inglesas
antillano
antillanos
antillana
antillanas
argentino
argentinos
argentina
argentinas
asiático
asiáticos
asiática
asiáticas
australiano
australianos
australiana
australianas
nipón
nipones
nipona
niponas
sovietico
sovieticos
sovietica
sovieticas
quebequés
quebequeses
quebequesa
quebequesas
quebequense
quebequenses
hispano
hispanos
germano
germanos
germana
germanas
europeo
europeos
europea
europeas
croata
croatas
serbio
serbios
serbia
serbias
marshalés
marshaleses
marshalesa
marshalesas
salomonense
salomonenses
virgenense americano
virgenenses americanos
virgenense americana
virgenenses americanas
liechtensteiniano
liechtensteinianos
liechtensteiniana
liechtensteinianas
liechtentiense
liechtentienses
macedonio
macedonios
macedonia
macedonias
moldavo
moldavos
moldava
moldavas
palauano
palauanos
palauana
palauanas
zaireño
zaireños
zaireña
zaireñas
