AA
AC
AE
AF
AG
AJ
AL
AM
AN
AO
AQ
AR
AS
AU
AV
AY
BA
BB
BC
BD
BE
BF
BG
BH
BK
BL
BM
BN
BO
BP
BR
BT
BU
BV
BX
BY
CA
CB
CD
CE
CF
CG
CH
CI
CJ
CK
CM
CN
CO
CQ
CS
CT
CU
CV
CW
CY
DA
DJ
DO
DR
EC
EG
EI
EK
EN
ER
ES
ET
EZ
FG
FI
FJ
FK
FM
FO
FP
FR
FS
GA
GB
GG
GH
GI
GJ
GK
GL
GM
GP
GQ
GR
GT
GV
GY
HA
HK
HM
HO
HR
HU
IC
ID
IM
IN
IO
IR
IS
IT
IV
IZ
JA
JE
JM
JO
KE
KG
KN
KR
KS
KT
KU
KV
KZ
LA
LE
LG
LH
LI
LO
LS
LT
LU
LY
MA
MB
MC
MD
MF
MG
MH
MI
MJ
MK
ML
MN
MO
MP
MR
MT
MU
MV
MX
MY
MZ
NC
NE
NF
NG
NH
NI
NL
NN
NO
NP
NR
NS
NU
NZ
OD
PA
PC
PE
PK
PL
PM
PO
PP
PS
PU
QA
RE
RI
RM
RN
RO
RP
RQ
RS
RW
SA
SB
SC
SE
SF
SG
SH
SI
SL
SM
SN
SO
SP
ST
SU
SV
SW
SX
SY
SZ
TB
TD
TH
TI
TK
TL
TN
TO
TP
TS
TT
TU
TV
TW
TX
TZ
UC
UG
UK
UP
US
UV
UY
UZ
VC
VE
VI
VM
VQ
VT
WA
WE
WF
WI
WS
WZ
YM
ZA
ZI
