AV/Comunitat Valenciana
Avenida del Mediterraneo
Calle de Elvira
Calle de Santa Ana
Cami de la Moixella
Camí de la Moixella
cami de Nuria
Cami de Sant Jaume
Camí de Sant Jaume
Caminito del Rey
Camino de Santiago
Camino la Via
Carretera Busot-El Campello
Carretera Busot-Jijona-Alicante
Carretera ( CV-701)
Carretera (CV-705)
Carretera ( C-V 711)
Carretera General del Norte
Carretera Valencia 703
Carretera Valencia 790
Carretera Valencia 7920
C/ Toni Leblanc
Jakoba Vojo
la Rambla
La Rambla
Las Campas
Majarabique yard
Nacional 340
Nus de la Trinitat
Old Railway Station
Passeig de Gracia
Passeig de la Rambla
Passeig des Born
Saint James's Way
Tunel Cantalobos
Tunel de Pena
Tunel Iglesias
Valencia-Sud
