Airacobra Rock
Ajaccio Canyon
Aja Fracture Zone
Alcala de Chivert Canyon
Alicante Canyon
Amazonas Cone
Ambrose Rock
Anderman-Nicobar Ridge
Ano Nuevo Canyon
Anton Leonov Hill
Aracataca Hill
Argentina Nogu
Argo Fracture Zone
Arguello Canyon
Arguello Deep-Sea Fan
Arguello Plateau
Arguello Terrace
Arpón
Arpon, rocas
Aubert de la Rue Seamounts
Azores-Gibraltar Ridge
Bacino Algerino
Bacio do Tejo
Bajo Nuevo
Balmoral Reef
Banc de la Grande Sole
Banc de l'Alidade
Banc de l' Ampere
Banc de la Seine
Banc de la Valdivia
Banc de la Zelee
Banc de Xauen
banco
Banco Brategg
Banco Campeche
Banco de Campeche
Banco de la Paz
Banco de San Antonio
Banco de Sao Lazaro
Banco Medina
Banco Montague
Banco Nuevo
Banco Pera
Banco Sars
Banco Scuso
Bancos de Terranova
Bancos Ingleses
Banco Tofiño
Banco Volcán
Banco Xagua
Banco Xauen
Banc Perroquet
Banc Poydenot
Barque Canada
Barracuda Fault
Barracuda Fracture Zone
Barracuda Plain
Barracuda Reef
Barracuda Ridge
Barracuda Rock
Barra Fan
Barren-Nicobar Ridge
Bauer Escarpment
Beata Escarpment
Belgica Guyot
Benicarlo Canyon
Benidorm Canyon
Berrio Saddle
Blanco Fracture Zone
Blanco Gap
Blanco Saddle
Brategg, Banco
Cabrillo Seamount
Cachucho
Caesar Seamount
Calabrian Rise
Calamistos Seamount
Calarca Reef
Camosun Rock
Campeche Escarpment
Canal Hunter
Canik Escarpment
Cantabria Seamount
Canyo de la Fonera
Canyó de la Fonera
Canyo del Cap de Creus
Canyo de Marta
Canyo de Palamos
Canyó de Palamós
Canyo de Peniscola
Canyo d'Orpesa
Canyon de la Fonera
Capel Guyot
Capel Tablemount
Carbonara Valley
Cardno Guyot
Cariaco Trench
Carmen, Bajo
Carmen Basin
Carnarvon Terrace
Cascade Guyot
Castelsardo Canyon
Castor Guyot
Caucasus Escarpment
Caye a la Tete de Cheval
Cayo Nuevo
Ceara Guyot
Ceara Terrace
Cedros Escarpment
Cedros Sea Scarp
Cedros Trench
Ceduna Terrace
Central Pacific Basin
Central Reef
Central Terrace
Cerantes Rocks
Cerralvo Seamount
Chagos-Laccadive Plateau
Chagos-Laccadive Ridge
Chapel Bar
Chilien Allas
Circeo Terrace
Coco-de-Mer Seamounts
Cocos Plain
Colombia Basin
Colombian Plain
Colombia Trench
Colon-Ecuador Ridge
Colón-Ecuador Ridge
Colón Seamount
Colorado Seamount
Comporta Canyon
Concepcion Bank
Conducia Canyon
Cordero Canyon
Cordillera de Colon
Cordillera de Colón
Coronado Canyon
Coronado Escarpment
Corsica Terrace
Coruna Seamount
Coruña Seamount
Costellos Rock
Cruiser, rocas
Cumbre de Cayman
Curripaco Valley
Dana Fracture Zone
Del Cano Guyot
Del Cano Seamount
Del Toro Canyon
Descartes Seamount
Diamantina Fracture Zone
Diamentina Fracture Zone
Dos Ninos Valley
East Aves Escarpment
Ebro Escarpment
Ecuador Fracture Zone
Ecueil Pigmy
Elcano Rise
Eldad Ledge
Eldad Reef
El Haouria Bank
Elias Ledge
El Khaiza
Enoch Place
Eriador Seamount
Erimo Seamount
Error Guyot
Escalante Rocks
Escanaba Ridge
Escape Reefs
Escarpament de l'Ebre
Esperance Canyon
Esperanza Canyon
Esperanza Submarine Canyon
Espinosa Seamount
Espinoza Seamount
Expedicion
Expedición
Expedición, rocas
Explora Escarpment
Explora Knoll
Eyre Terrace
Faraday Fracture Zone
Farallon de Torres
Farallon Escarpment
Felibres Hills
Ferradura Plain
Florida Canyon
Fond de la Vase
Fond des Lazare
Fosa de Tobago
Fosse de El Luza
Francisco Canyon
Franc Victorija Trench
Fuerte Canyon
Futaba Seamount
Gabriola Reefs
Galapagos Fracture Zone
Galicia Escarpment
Gambier Fracture Zone
Gascoyne Guyot
Girl Guide Gully
Glacier Rise
Golfe de la Providence
Gora Anton-Dorn
Gora Grel'
Gora Junion
Gora Kol'co
Gora Montegju
Gora Plato
Gora San-Pablo
Gora Sen
Gran Banco de Jagua
Guacamayo Seamount
Guadalupe Arrugado
Guadelupe Seamount
Guanacaste Province
Guelta Canyon
Guevara Seamounts
Guide Canyon
Guide Seamount
Guide Submarine Canyon
Gutierrez, Bajo
Gutiérrez, Bajo
Guyot do Ceara
Guyot do Ceará
Habibas Escarpment
Harpun, Rocas
Harrie Guyot
Heceta Escarpment
Hero Fracture Zone
Horizon Guyot
Hoya de Venezuela
Hsien-o Chiao
Huddel Seamount
Hugo de Lacerda Seamount
Hupo-doe
Hydro Cone
Ignacio Canyon
Isla del Descubridor
Islas Orcadas Fracture Zone
Islas Orcadas Rise
Jaguey Escarpment
Jovellanos Seamount
Juan de Fuca Canyon
Juan de Fuca Fracture Zone
Juan de Fuca Ridge
Juan de Fuca Rise
Juan de Fuca Submarine Canyon
Kaede Escarpment
Karlsen, roca
Kinan Escarpment
La Barque
Labradorbackenet
Labrador Basin
Labradorin Allas
Labrador Sea Basin
Labrador Shelf
Laccadive-Chagos Ridge
La Coruna Seamount
La Coruna Seamounts
La Coruña Canyon
La Coruña Seamount
La Coruña Seamounts
La Desirade Escarpment
La Desirade Valley
La Renaixenca Hills
Lastres Canyon
Lasuen Seamount
Laura Grace Rock
Lazaro Cardenas Canyon
Leda, Recif
Lena Tablemount
Lena Trench
Leopardo
Leopardo, Bajo
Les Recifs
Los Roques Basin
Los Roques Trench
Loudoun Canyon
Lucas Mound
Lucia Canyon
Macalde Canyon
Madagascar Rock
Mad Mol
Magallanes, Fondeadero
Magdalena Escarpment
Maimon Escarpment
Maipo, Bajo
Maldifassi, Bajo
Malta Escarpment
Malvinas Escarpment
Malvinas Fracture Zone
Manuel Rock
Marcala Seamount
Mar del Plata Canyon
Marquesa Fracture Zone
Marquesas Fracture Zone
Mascarenes Basin
Maures Escarpment
Mazarron Escarpment
Medina Escarpment
Mendana Fracture Zone
Mendocino Canyon
Mendocino Escarpment
Mendocino Fracture Zone
Mendocino Seascarp
Mendosa Seamount
Mendoza Seamount
Mexican Acapulco Trench
Mexican Basin
Mexico Basin
Mexico Trench
Mocambique Basin
Mocambique Ridge
Mocha Fracture Zone
Monaco Basin
Montague Bank
Montepuez Canyon
Montes de Pernambuco
Montes Submarinos de Pernambuco
Montes Submarinos Pedro Nunes
Monte Submarino Fernandes Lopes
Montpues Canyon
Mozambique Basin
Mozambique Escarpment
Mozambique Scarp
Muertos Trench
Murray Escarpment
Navidad Tablemount
Nazuna Seamount
N Esmeralda Seamount
Nicobar Fan
Nicobar-Simuelue Basin
Ninos Valley
Nueces Dome
Nuevo Reef
Nurra Escarpment
Oregon Escarpment
Orozco Fracture Zone
Pallada Guyot
Panama Fracture Zone
Paraíba Seamounts
Parece Vela Ridge
Paremo Hill
Pedro Escarpment
Pendragon Escarpment
Peniscola Canyon
Peníscola Canyon
Pensacola Seamount
Pescadero Canyon
Petacalco Canyon
Pico Fracture Zone
Piedras de Torres
Placer de la Paz
Plato Al'batros
Plato do Recife
Pourtales Escarpment
Powell, roca
Poza Santa Lucia
Pride Rock
Prominencia de Aves
Provencal Escarpment
Providence Reef
Pubnico Ledge
Puerto Rico Apron
Puerto Rico Ridge
Puerto Rico Trench
Punta Gorda Submerged Valley
Puysegur Trench
Quebrada Fracture Zone
Quesada Seamount
Quirós Fracture Zone
Quitasueno Gap
Ravin des Kermadec
Ravn, roca
Rec de la Fonera
Recif de la Ebrill
Recif de la Minerve
Recif de la Pointe a la Boucane
Recif Est
Recif Ladd
Recif Lodestone
Recif Pirqutinnguaq
Recifs Asuqaap
Recifs Bellona
Recifs de l' Astrolabe
Recifs de l'Est
Recifs Elizabeth
Recifs London
Recorder Guyot
Redonda Valley
Redondo Canyon
Redondo Submerged Valley
Rescue Rock
Rio de la Plata Canyon
Rocas
Rodrigues Fracture Zone (historical)
Rodrigues Ridge
Rodrigues Seamount
Rodriguez Dome
Rodriguez Ridge
Rodriguez Seamount
Roncador Canyon
Roncador Spur
Roncador Valley
Rosario Reefs
Rosario Tablemount
Runa Seamount
Sala Y Gomes Ridge
Sala Y Gómes Ridge
Sala y Gomez Ridge
Salen
Salsipuedes Basin
Sambro Ledges
Samuel Rock
Samuel Shoal
San Clemente Escarpment
San Jacinto Mound
San Miguel Gap
San Nicolas Basin
San Pedro Escarpment
San Pedro Sea Scarp
San Pedro Sea Valley
San Pedro Valley
San Salvador Knoll
San Salvador Ridge
Santa Lucia Bank
Santa Lucia Escarpment
Santa Lucia Valley
Santa Monica Canyon
Santa Rosa-Cortez Ridge
Santa Rosa Reef
Sant'Eufemia Terrace
Santos Plateau
Santo Tomas Knoll
Sao Gabriel Valley
Sargo Plateau
Sarmiento Ridge
Seadragon Ridge
Sedna Fracture Zone
Sela de Berrio
Sela de Bérrio
Serrano Tablemount
Seuil a Elizabeth
Sicilia Plain
Sicilia Terrace
Sicily-Malta Escarpment
Socotra-Chagos Ridge
Socotra Rock
Soenda Plat
Soplador Spur
Soquel Canyon
Sovanco Fracture Zone
Squid Rock
Stacy, banco
Subantarctic Escarpment
Sulcis Escarpment
Suzuna Seamount
Svip, Rocas
Tadjura Trench
Tamayo Fracture Zone
Tasman Escarpment
Tasmantide Volcanoes
Tenedos Rock
Tide Rock
Tobico Rock
Toro, Bajo
Torreblanca Canyon
Torrelavega Canyon
Tosa Terrace
Trevelyan Escarpment
Trinchera de los Roques
Trinchera de Mexico
Trinidad Rock
Trinidad Seamount
Tunica Mound
Turmeque Knoll
Turmeque Reef
Tuscaloosa Seamount
Uracas Ridge
Usan Escarpment
Ustica Escarpment
Vaca Basin
Vacquier Seamount
Valencia Basin
Valerie Guyot
Vale Sao Gabriel
Venezuela Basin
Veracruz Tongue
Victoria Guyot
Villalobos Seamount
Volador Seamount
Volador Spur
Wallaby-Cuvier Escarpment
Yucatan Escarpment
